[2023-07-23 11:14:57,864: INFO: main: welcome to our custom log:]
[2023-07-25 19:55:18,396: INFO: common: yaml file: config/config.yaml loaded sucessfully:]
[2023-07-25 19:55:18,410: INFO: common: yaml file: params.yaml loaded sucessfully:]
[2023-07-25 19:55:18,416: INFO: common: created directory at:artifacts:]
[2023-07-25 19:55:18,425: INFO: common: created directory at:artifacts/data_ingestion:]
[2023-07-25 20:01:26,516: INFO: common: yaml file: config/config.yaml loaded sucessfully:]
[2023-07-25 20:01:26,524: INFO: common: yaml file: params.yaml loaded sucessfully:]
[2023-07-25 20:01:26,531: INFO: common: created directory at:artifacts:]
[2023-07-25 20:01:26,540: INFO: common: created directory at:artifacts/data_ingestion:]
[2023-07-25 20:03:39,253: INFO: common: yaml file: config/config.yaml loaded sucessfully:]
[2023-07-25 20:03:39,263: INFO: common: yaml file: params.yaml loaded sucessfully:]
[2023-07-25 20:03:39,270: INFO: common: created directory at:artifacts:]
[2023-07-25 20:03:39,282: INFO: common: created directory at:artifacts/data_ingestion:]
[2023-07-25 20:06:11,816: INFO: common: yaml file: config/config.yaml loaded sucessfully:]
[2023-07-25 20:06:11,824: INFO: common: yaml file: params.yaml loaded sucessfully:]
[2023-07-25 20:06:11,831: INFO: common: created directory at:artifacts:]
[2023-07-25 20:06:11,841: INFO: common: created directory at:artifacts/data_ingestion:]
[2023-07-25 20:06:14,644: INFO: 1147177668: artifacts/data_ingestion/data.zip downloaded! with folowiwng info: 
Connection: close
Content-Length: 7903594
Cache-Control: max-age=300
Content-Security-Policy: default-src 'none'; style-src 'unsafe-inline'; sandbox
Content-Type: application/zip
ETag: "dbc016a060da18070593b83afff580c9b300f0b6ea4147a7988433e04df246ca"
Strict-Transport-Security: max-age=31536000
X-Content-Type-Options: nosniff
X-Frame-Options: deny
X-XSS-Protection: 1; mode=block
X-GitHub-Request-Id: 8062:179204:A96E4:E4BB5:64BFDDD9
Accept-Ranges: bytes
Date: Tue, 25 Jul 2023 14:36:13 GMT
Via: 1.1 varnish
X-Served-By: cache-ccu830021-CCU
X-Cache: MISS
X-Cache-Hits: 0
X-Timer: S1690295772.450595,VS0,VE827
Vary: Authorization,Accept-Encoding,Origin
Access-Control-Allow-Origin: *
Cross-Origin-Resource-Policy: cross-origin
X-Fastly-Request-ID: 64495e00cda981727ed922f5932dff1bc3dc250a
Expires: Tue, 25 Jul 2023 14:41:13 GMT
Source-Age: 0

:]
[2023-07-25 20:48:10,995: INFO: main: >>>>>>>> stage data ingestion Stage started <<<<<<<<:]
[2023-07-25 20:48:11,001: INFO: common: yaml file: config/config.yaml loaded sucessfully:]
[2023-07-25 20:48:11,008: INFO: common: yaml file: params.yaml loaded sucessfully:]
[2023-07-25 20:48:11,012: INFO: common: created directory at:artifacts:]
[2023-07-25 20:48:11,017: INFO: common: created directory at:artifacts/data_ingestion:]
[2023-07-25 20:48:14,014: INFO: data_ingestion: artifacts/data_ingestion/data.zip downloaded! with folowiwng info: 
Connection: close
Content-Length: 7903594
Cache-Control: max-age=300
Content-Security-Policy: default-src 'none'; style-src 'unsafe-inline'; sandbox
Content-Type: application/zip
ETag: "dbc016a060da18070593b83afff580c9b300f0b6ea4147a7988433e04df246ca"
Strict-Transport-Security: max-age=31536000
X-Content-Type-Options: nosniff
X-Frame-Options: deny
X-XSS-Protection: 1; mode=block
X-GitHub-Request-Id: 8062:179204:A96E4:E4BB5:64BFDDD9
Accept-Ranges: bytes
Date: Tue, 25 Jul 2023 15:18:12 GMT
Via: 1.1 varnish
X-Served-By: cache-ccu830039-CCU
X-Cache: HIT
X-Cache-Hits: 0
X-Timer: S1690298292.225097,VS0,VE359
Vary: Authorization,Accept-Encoding,Origin
Access-Control-Allow-Origin: *
Cross-Origin-Resource-Policy: cross-origin
X-Fastly-Request-ID: 52a35d687abf2a2956f8531f3e68b762c461fff3
Expires: Tue, 25 Jul 2023 15:23:12 GMT
Source-Age: 0

:]
[2023-07-25 20:48:14,645: INFO: main: >>>>>>>>>> stagedata ingestion Stage completed <<<<<<<

 x==============x:]
[2023-07-26 06:17:31,454: INFO: common: yaml file: config/config.yaml loaded sucessfully:]
[2023-07-26 06:17:31,462: INFO: common: yaml file: params.yaml loaded sucessfully:]
[2023-07-26 06:17:31,469: INFO: common: created directory at:artifacts:]
[2023-07-26 06:17:55,674: INFO: common: yaml file: config/config.yaml loaded sucessfully:]
[2023-07-26 06:17:55,681: INFO: common: yaml file: params.yaml loaded sucessfully:]
[2023-07-26 06:17:55,687: INFO: common: created directory at:artifacts:]
[2023-07-26 06:17:55,695: INFO: common: created directory at:artifacts/data_validation:]
[2023-07-27 05:52:37,508: INFO: main: >>>>>>>> stage data ingestion Stage started <<<<<<<<:]
[2023-07-27 05:52:37,521: INFO: common: yaml file: config/config.yaml loaded sucessfully:]
[2023-07-27 05:52:37,534: INFO: common: yaml file: params.yaml loaded sucessfully:]
[2023-07-27 05:52:37,538: INFO: common: created directory at:artifacts:]
[2023-07-27 05:52:37,542: INFO: common: created directory at:artifacts/data_ingestion:]
[2023-07-27 05:52:40,016: INFO: data_ingestion: artifacts/data_ingestion/data.zip downloaded! with folowiwng info: 
Connection: close
Content-Length: 7903594
Cache-Control: max-age=300
Content-Security-Policy: default-src 'none'; style-src 'unsafe-inline'; sandbox
Content-Type: application/zip
ETag: "dbc016a060da18070593b83afff580c9b300f0b6ea4147a7988433e04df246ca"
Strict-Transport-Security: max-age=31536000
X-Content-Type-Options: nosniff
X-Frame-Options: deny
X-XSS-Protection: 1; mode=block
X-GitHub-Request-Id: 0B1E:268F9C:3AE7C:58E40:64C1B8CD
Accept-Ranges: bytes
Date: Thu, 27 Jul 2023 00:22:38 GMT
Via: 1.1 varnish
X-Served-By: cache-ccu830034-CCU
X-Cache: MISS
X-Cache-Hits: 0
X-Timer: S1690417358.133494,VS0,VE600
Vary: Authorization,Accept-Encoding,Origin
Access-Control-Allow-Origin: *
Cross-Origin-Resource-Policy: cross-origin
X-Fastly-Request-ID: df7c2563eb0ca88418ff2ddd8d48af54ec166e17
Expires: Thu, 27 Jul 2023 00:27:38 GMT
Source-Age: 0

:]
[2023-07-27 05:52:40,507: INFO: main: >>>>>>>>>> stagedata ingestion Stage completed <<<<<<<

 x==============x:]
[2023-07-27 05:52:40,508: INFO: main: >>>>>>>> stage data Validation Stage started <<<<<<<<:]
[2023-07-27 05:52:40,514: INFO: common: yaml file: config/config.yaml loaded sucessfully:]
[2023-07-27 05:52:40,519: INFO: common: yaml file: params.yaml loaded sucessfully:]
[2023-07-27 05:52:40,525: INFO: common: created directory at:artifacts:]
[2023-07-27 05:52:40,532: INFO: common: created directory at:artifacts/data_ingestion:]
[2023-07-27 05:52:40,540: INFO: data_ingestion: file alredy exists of size : ~7718 KB:]
[2023-07-27 05:52:41,034: INFO: main: >>>>>>>>>> stagedata Validation Stage completed <<<<<<<

 x==============x:]
[2023-07-27 21:41:01,672: INFO: common: yaml file: config/config.yaml loaded sucessfully:]
[2023-07-27 21:41:01,695: INFO: common: yaml file: params.yaml loaded sucessfully:]
[2023-07-27 21:41:01,703: INFO: common: created directory at:artifacts:]
[2023-07-27 21:41:01,711: INFO: common: created directory at:artifacts/data_transformation:]
[2023-07-28 18:28:13,874: INFO: main: >>>>>>>> stage data ingestion Stage started <<<<<<<<:]
[2023-07-28 18:28:13,892: INFO: common: yaml file: config/config.yaml loaded sucessfully:]
[2023-07-28 18:28:13,905: INFO: common: yaml file: params.yaml loaded sucessfully:]
[2023-07-28 18:28:13,908: INFO: common: created directory at:artifacts:]
[2023-07-28 18:28:13,914: INFO: common: created directory at:artifacts/data_ingestion:]
[2023-07-28 18:28:16,591: INFO: data_ingestion: artifacts/data_ingestion/data.zip downloaded! with folowiwng info: 
Connection: close
Content-Length: 7903594
Cache-Control: max-age=300
Content-Security-Policy: default-src 'none'; style-src 'unsafe-inline'; sandbox
Content-Type: application/zip
ETag: "dbc016a060da18070593b83afff580c9b300f0b6ea4147a7988433e04df246ca"
Strict-Transport-Security: max-age=31536000
X-Content-Type-Options: nosniff
X-Frame-Options: deny
X-XSS-Protection: 1; mode=block
X-GitHub-Request-Id: 86D8:166D06:149C86:1C609E:64C3BB67
Accept-Ranges: bytes
Date: Fri, 28 Jul 2023 12:58:16 GMT
Via: 1.1 varnish
X-Served-By: cache-ccu830032-CCU
X-Cache: MISS
X-Cache-Hits: 0
X-Timer: S1690549095.492427,VS0,VE912
Vary: Authorization,Accept-Encoding,Origin
Access-Control-Allow-Origin: *
Cross-Origin-Resource-Policy: cross-origin
X-Fastly-Request-ID: 200422c0c2e7f13cea634f21178137cfc8162f39
Expires: Fri, 28 Jul 2023 13:03:16 GMT
Source-Age: 0

:]
[2023-07-28 18:28:17,197: INFO: main: >>>>>>>>>> stagedata ingestion Stage completed <<<<<<<

 x==============x:]
[2023-07-28 18:28:17,198: INFO: main: >>>>>>>> stage Data Validation Stage started <<<<<<<<:]
[2023-07-28 18:28:17,206: INFO: common: yaml file: config/config.yaml loaded sucessfully:]
[2023-07-28 18:28:17,212: INFO: common: yaml file: params.yaml loaded sucessfully:]
[2023-07-28 18:28:17,217: INFO: common: created directory at:artifacts:]
[2023-07-28 18:28:17,226: INFO: common: created directory at:artifacts/data_ingestion:]
[2023-07-28 18:28:17,236: INFO: data_ingestion: file alredy exists of size : ~7718 KB:]
[2023-07-28 18:28:17,882: INFO: main: >>>>>>>>>> stageData Validation Stage completed <<<<<<<

 x==============x:]
[2023-07-28 18:28:17,883: INFO: main: >>>>>>>> stage Data Transformation Stage started <<<<<<<<:]
[2023-07-28 18:28:17,890: INFO: common: yaml file: config/config.yaml loaded sucessfully:]
[2023-07-28 18:28:17,897: INFO: common: yaml file: params.yaml loaded sucessfully:]
[2023-07-28 18:28:17,903: INFO: common: created directory at:artifacts:]
[2023-07-28 18:28:17,909: INFO: common: created directory at:artifacts/data_transformation:]
[2023-07-28 18:28:24,970: INFO: main: >>>>>>>>>> stageData Transformation Stage completed <<<<<<<

 x==============x:]
[2023-07-28 18:54:38,487: INFO: instantiator: Created a temporary directory at /tmp/tmph_brz08i:]
[2023-07-28 18:54:38,491: INFO: instantiator: Writing /tmp/tmph_brz08i/_remote_module_non_scriptable.py:]
[2023-07-28 19:22:02,593: INFO: common: yaml file: config/config.yaml loaded sucessfully:]
[2023-07-28 19:22:02,610: INFO: common: yaml file: params.yaml loaded sucessfully:]
[2023-07-28 19:22:02,617: INFO: common: created directory at:artifacts:]
[2023-07-28 19:22:02,625: INFO: common: created directory at:artifacts/model_trainer:]
[2023-07-28 19:24:10,842: INFO: common: yaml file: config/config.yaml loaded sucessfully:]
[2023-07-28 19:24:10,858: INFO: common: yaml file: params.yaml loaded sucessfully:]
[2023-07-28 19:24:10,865: INFO: common: created directory at:artifacts:]
[2023-07-28 19:24:10,870: INFO: common: created directory at:artifacts/model_trainer:]
[2023-07-28 19:25:37,474: INFO: instantiator: Created a temporary directory at /tmp/tmp82bl2agt:]
[2023-07-28 19:25:37,477: INFO: instantiator: Writing /tmp/tmp82bl2agt/_remote_module_non_scriptable.py:]
[2023-07-28 19:25:40,052: INFO: common: yaml file: config/config.yaml loaded sucessfully:]
[2023-07-28 19:25:40,061: INFO: common: yaml file: params.yaml loaded sucessfully:]
[2023-07-28 19:25:40,067: INFO: common: created directory at:artifacts:]
[2023-07-28 19:25:40,077: INFO: common: created directory at:artifacts/model_trainer:]
[2023-07-29 12:32:36,109: INFO: instantiator: Created a temporary directory at /tmp/tmpjljycr_j:]
[2023-07-29 12:32:36,111: INFO: instantiator: Writing /tmp/tmpjljycr_j/_remote_module_non_scriptable.py:]
[2023-07-29 12:32:36,863: INFO: main: >>>>>>>> stage data ingestion Stage started <<<<<<<<:]
[2023-07-29 12:32:36,886: INFO: common: yaml file: config/config.yaml loaded sucessfully:]
[2023-07-29 12:32:36,912: INFO: common: yaml file: params.yaml loaded sucessfully:]
[2023-07-29 12:32:36,918: INFO: common: created directory at:artifacts:]
[2023-07-29 12:32:36,930: INFO: common: created directory at:artifacts/data_ingestion:]
[2023-07-29 12:32:41,404: INFO: data_ingestion: artifacts/data_ingestion/data.zip downloaded! with folowiwng info: 
Connection: close
Content-Length: 7903594
Cache-Control: max-age=300
Content-Security-Policy: default-src 'none'; style-src 'unsafe-inline'; sandbox
Content-Type: application/zip
ETag: "dbc016a060da18070593b83afff580c9b300f0b6ea4147a7988433e04df246ca"
Strict-Transport-Security: max-age=31536000
X-Content-Type-Options: nosniff
X-Frame-Options: deny
X-XSS-Protection: 1; mode=block
X-GitHub-Request-Id: 90B6:2B252C:16D8E:20680:64C4B7C0
Accept-Ranges: bytes
Date: Sat, 29 Jul 2023 07:02:37 GMT
Via: 1.1 varnish
X-Served-By: cache-ccu830030-CCU
X-Cache: HIT
X-Cache-Hits: 0
X-Timer: S1690614157.285764,VS0,VE311
Vary: Authorization,Accept-Encoding,Origin
Access-Control-Allow-Origin: *
Cross-Origin-Resource-Policy: cross-origin
X-Fastly-Request-ID: d9f9e307b8ffec43c2cda266c3ce9cedb543275f
Expires: Sat, 29 Jul 2023 07:07:37 GMT
Source-Age: 0

:]
[2023-07-29 12:32:41,997: INFO: main: >>>>>>>>>> stagedata ingestion Stage completed <<<<<<<

 x==============x:]
[2023-07-29 12:32:41,998: INFO: main: >>>>>>>> stage Data Validation Stage started <<<<<<<<:]
[2023-07-29 12:32:42,007: INFO: common: yaml file: config/config.yaml loaded sucessfully:]
[2023-07-29 12:32:42,016: INFO: common: yaml file: params.yaml loaded sucessfully:]
[2023-07-29 12:32:42,021: INFO: common: created directory at:artifacts:]
[2023-07-29 12:32:42,031: INFO: common: created directory at:artifacts/data_ingestion:]
[2023-07-29 12:32:42,042: INFO: data_ingestion: file alredy exists of size : ~7718 KB:]
[2023-07-29 12:32:42,653: INFO: main: >>>>>>>>>> stageData Validation Stage completed <<<<<<<

 x==============x:]
[2023-07-29 12:32:42,653: INFO: main: >>>>>>>> stage Data Transformation Stage started <<<<<<<<:]
[2023-07-29 12:32:42,662: INFO: common: yaml file: config/config.yaml loaded sucessfully:]
[2023-07-29 12:32:42,670: INFO: common: yaml file: params.yaml loaded sucessfully:]
[2023-07-29 12:32:42,676: INFO: common: created directory at:artifacts:]
[2023-07-29 12:32:42,683: INFO: common: created directory at:artifacts/data_transformation:]
[2023-07-29 12:32:50,064: INFO: main: >>>>>>>>>> stageData Transformation Stage completed <<<<<<<

 x==============x:]
[2023-07-29 12:32:50,066: INFO: main: >>>>>>>> stage Model Training Stage started <<<<<<<<:]
[2023-07-29 12:32:50,075: INFO: common: yaml file: config/config.yaml loaded sucessfully:]
[2023-07-29 12:32:50,084: INFO: common: yaml file: params.yaml loaded sucessfully:]
[2023-07-29 12:32:50,091: INFO: common: created directory at:artifacts:]
[2023-07-29 12:32:50,100: INFO: common: created directory at:artifacts/model_trainer:]
[2023-07-29 12:55:21,134: INFO: main: >>>>>>>>>> stageModel Training Stage completed <<<<<<<

 x==============x:]
[2023-07-29 15:53:15,835: INFO: common: yaml file: config/config.yaml loaded sucessfully:]
[2023-07-29 15:53:15,854: INFO: common: yaml file: params.yaml loaded sucessfully:]
[2023-07-29 15:53:15,862: INFO: common: created directory at:artifacts:]
[2023-07-29 15:53:15,870: INFO: common: created directory at:artifacts/model_evauation:]
[2023-07-29 15:55:39,178: INFO: common: yaml file: config/config.yaml loaded sucessfully:]
[2023-07-29 15:55:39,188: INFO: common: yaml file: params.yaml loaded sucessfully:]
[2023-07-29 15:55:39,194: INFO: common: created directory at:artifacts:]
[2023-07-29 15:55:39,201: INFO: common: created directory at:artifacts/model_evaluation:]
[2023-07-29 17:59:14,939: INFO: common: yaml file: config/config.yaml loaded sucessfully:]
[2023-07-29 17:59:14,949: INFO: common: yaml file: params.yaml loaded sucessfully:]
[2023-07-29 17:59:14,956: INFO: common: created directory at:artifacts:]
[2023-07-29 17:59:14,969: INFO: common: created directory at:artifacts/model_evaluation:]
[2023-07-29 18:01:04,335: INFO: common: yaml file: config/config.yaml loaded sucessfully:]
[2023-07-29 18:01:04,344: INFO: common: yaml file: params.yaml loaded sucessfully:]
[2023-07-29 18:01:04,351: INFO: common: created directory at:artifacts:]
[2023-07-29 18:01:04,364: INFO: common: created directory at:artifacts/model_evaluation:]
[2023-07-29 18:08:39,183: INFO: common: yaml file: config/config.yaml loaded sucessfully:]
[2023-07-29 18:08:39,192: INFO: common: yaml file: params.yaml loaded sucessfully:]
[2023-07-29 18:08:39,199: INFO: common: created directory at:artifacts:]
[2023-07-29 18:08:39,209: INFO: common: created directory at:artifacts/model_evaluation:]
[2023-07-29 18:47:53,669: INFO: common: yaml file: config/config.yaml loaded sucessfully:]
[2023-07-29 18:47:53,693: INFO: common: yaml file: params.yaml loaded sucessfully:]
[2023-07-29 18:47:53,703: INFO: common: created directory at:artifacts:]
[2023-07-29 18:47:53,715: INFO: common: created directory at:artifacts/model_evaluation:]
[2023-07-29 18:55:51,769: INFO: common: yaml file: config/config.yaml loaded sucessfully:]
[2023-07-29 18:55:51,778: INFO: common: yaml file: params.yaml loaded sucessfully:]
[2023-07-29 18:55:51,785: INFO: common: created directory at:artifacts:]
[2023-07-29 18:55:51,797: INFO: common: created directory at:artifacts/model_evaluation:]
[2023-07-29 18:59:19,401: INFO: common: yaml file: config/config.yaml loaded sucessfully:]
[2023-07-29 18:59:19,410: INFO: common: yaml file: params.yaml loaded sucessfully:]
[2023-07-29 18:59:19,416: INFO: common: created directory at:artifacts:]
[2023-07-29 18:59:19,426: INFO: common: created directory at:artifacts/model_evaluation:]
[2023-07-29 18:59:55,134: INFO: common: yaml file: config/config.yaml loaded sucessfully:]
[2023-07-29 18:59:55,143: INFO: common: yaml file: params.yaml loaded sucessfully:]
[2023-07-29 18:59:55,150: INFO: common: created directory at:artifacts:]
[2023-07-29 18:59:55,160: INFO: common: created directory at:artifacts/model_evaluation:]
[2023-07-29 19:00:07,236: INFO: common: yaml file: config/config.yaml loaded sucessfully:]
[2023-07-29 19:00:07,246: INFO: common: yaml file: params.yaml loaded sucessfully:]
[2023-07-29 19:00:07,253: INFO: common: created directory at:artifacts:]
[2023-07-29 19:00:07,263: INFO: common: created directory at:artifacts/model_evaluation:]
[2023-07-29 19:02:36,837: INFO: common: yaml file: config/config.yaml loaded sucessfully:]
[2023-07-29 19:02:36,846: INFO: common: yaml file: params.yaml loaded sucessfully:]
[2023-07-29 19:02:36,854: INFO: common: created directory at:artifacts:]
[2023-07-29 19:02:36,867: INFO: common: created directory at:artifacts/model_evaluation:]
[2023-07-29 19:33:39,605: INFO: common: yaml file: config/config.yaml loaded sucessfully:]
[2023-07-29 19:33:39,650: INFO: common: yaml file: params.yaml loaded sucessfully:]
[2023-07-29 19:33:39,682: INFO: common: created directory at:artifacts:]
[2023-07-29 19:33:39,742: INFO: common: created directory at:artifacts/model_evaluation:]
[2023-07-29 19:35:10,795: INFO: common: yaml file: config/config.yaml loaded sucessfully:]
[2023-07-29 19:35:10,809: INFO: common: yaml file: params.yaml loaded sucessfully:]
[2023-07-29 19:35:10,821: INFO: common: created directory at:artifacts:]
[2023-07-29 19:35:10,836: INFO: common: created directory at:artifacts/model_evaluation:]
[2023-07-29 19:36:10,292: INFO: common: yaml file: config/config.yaml loaded sucessfully:]
[2023-07-29 19:36:10,305: INFO: common: yaml file: params.yaml loaded sucessfully:]
[2023-07-29 19:36:10,316: INFO: common: created directory at:artifacts:]
[2023-07-29 19:36:10,331: INFO: common: created directory at:artifacts/model_evaluation:]
[2023-07-29 19:38:23,349: INFO: common: yaml file: config/config.yaml loaded sucessfully:]
[2023-07-29 19:38:23,364: INFO: common: yaml file: params.yaml loaded sucessfully:]
[2023-07-29 19:38:23,374: INFO: common: created directory at:artifacts:]
[2023-07-29 19:38:23,388: INFO: common: created directory at:artifacts/model_evaluation:]
[2023-07-29 19:38:54,963: INFO: common: yaml file: config/config.yaml loaded sucessfully:]
[2023-07-29 19:38:54,972: INFO: common: yaml file: params.yaml loaded sucessfully:]
[2023-07-29 19:38:54,979: INFO: common: created directory at:artifacts:]
[2023-07-29 19:38:54,991: INFO: common: created directory at:artifacts/model_evaluation:]
[2023-07-29 19:38:55,889: INFO: instantiator: Created a temporary directory at /tmp/tmpqd54jkof:]
[2023-07-29 19:38:55,892: INFO: instantiator: Writing /tmp/tmpqd54jkof/_remote_module_non_scriptable.py:]
[2023-07-29 19:41:08,202: INFO: rouge_scorer: Using default tokenizer.:]
